<?xml version="1.0" encoding="UTF-8"?>
<!-- Generated by org.testng.reporters.JUnitReportReporter -->
<testsuite hostname="DESKTOP-QAFE254" failures="0" tests="1" name="Scripts.Testcase2" time="120.233" errors="0" timestamp="2022-10-11T20:48:58 IST" skipped="0">
  <testcase classname="Scripts.Testcase2" name="tc2" time="120.233"/>
  <system-out/>
</testsuite> <!-- Scripts.Testcase2 -->
