<?xml version="1.0" encoding="UTF-8"?>
<!-- Generated by org.testng.reporters.JUnitReportReporter -->
<testsuite hostname="DESKTOP-QAFE254" failures="0" tests="1" name="Scripts.Testcase1" time="22.003" errors="0" timestamp="2022-10-11T20:48:58 IST" skipped="0">
  <testcase classname="Scripts.Testcase1" name="tc1" time="22.003"/>
  <system-out/>
</testsuite> <!-- Scripts.Testcase1 -->
